<?xml version="1.0" encoding="UTF-8" ?>
<testsuite errors="0" failures="0" hostname="131976A" name="org.hawkmicrotek.BlogSpec" tests="1" time="0.079" timestamp="2014-12-12T22:07:15">
  <properties />
  <testcase classname="org.hawkmicrotek.BlogSpec" name="has main blog properties" time="0.079" />
  <system-out><![CDATA[--Output from has main blog properties--
]]></system-out>
  <system-err><![CDATA[--Output from has main blog properties--
]]></system-err>
</testsuite>
